INFO: [VRFC 10-163] Analyzing VHDL file "/home/mdescham/Documents/BE_Controleur_Ethernet/Ethernet10/Ethernet10.srcs/sources_1/new/Controleur_Ethernet.vhd" into library xil_defaultlib
INFO: [VRFC 10-307] analyzing entity Emetteur
INFO: [VRFC 10-163] Analyzing VHDL file "/home/mdescham/Documents/BE_Controleur_Ethernet/Ethernet10/Ethernet10.srcs/sim_1/new/Test_Emetteur.vhd" into library xil_defaultlib
INFO: [VRFC 10-307] analyzing entity TestEmetteur
INFO: [VRFC 10-163] Analyzing VHDL file "/home/mdescham/Documents/BE_Controleur_Ethernet/Ethernet10/Ethernet10.srcs/sim_1/new/Test_Emetteur.vhd" into library xil_defaultlib
INFO: [VRFC 10-307] analyzing entity TestEmetteur
INFO: [VRFC 10-163] Analyzing VHDL file "/home/mdescham/Documents/BE_Controleur_Ethernet/Ethernet10/Ethernet10.srcs/sim_1/new/Test_Emetteur.vhd" into library xil_defaultlib
INFO: [VRFC 10-307] analyzing entity TestEmetteur
INFO: [VRFC 10-163] Analyzing VHDL file "/home/mdescham/Documents/BE_Controleur_Ethernet/Ethernet10/Ethernet10.srcs/sources_1/new/Controleur_Ethernet.vhd" into library xil_defaultlib
INFO: [VRFC 10-307] analyzing entity Emetteur
INFO: [VRFC 10-163] Analyzing VHDL file "/home/mdescham/Documents/BE_Controleur_Ethernet/Ethernet10/Ethernet10.srcs/sim_1/new/Test_Emetteur.vhd" into library xil_defaultlib
INFO: [VRFC 10-307] analyzing entity TestEmetteur
INFO: [VRFC 10-163] Analyzing VHDL file "/home/mdescham/Documents/BE_Controleur_Ethernet/Ethernet10/Ethernet10.srcs/sources_1/new/Controleur_Ethernet.vhd" into library xil_defaultlib
INFO: [VRFC 10-307] analyzing entity Emetteur
INFO: [VRFC 10-163] Analyzing VHDL file "/home/mdescham/Documents/BE_Controleur_Ethernet/Ethernet10/Ethernet10.srcs/sources_1/new/Controleur_Ethernet.vhd" into library xil_defaultlib
INFO: [VRFC 10-307] analyzing entity Emetteur
INFO: [VRFC 10-163] Analyzing VHDL file "/home/mdescham/Documents/BE_Controleur_Ethernet/Ethernet10/Ethernet10.srcs/sources_1/new/Controleur_Ethernet.vhd" into library xil_defaultlib
INFO: [VRFC 10-307] analyzing entity Emetteur
INFO: [VRFC 10-163] Analyzing VHDL file "/home/mdescham/Documents/BE_Controleur_Ethernet/Ethernet10/Ethernet10.srcs/sim_1/new/Test_Emetteur.vhd" into library xil_defaultlib
INFO: [VRFC 10-307] analyzing entity TestEmetteur
INFO: [VRFC 10-163] Analyzing VHDL file "/home/mdescham/Documents/BE_Controleur_Ethernet/Ethernet10/Ethernet10.srcs/sources_1/new/Controleur_Ethernet.vhd" into library xil_defaultlib
INFO: [VRFC 10-307] analyzing entity Emetteur
INFO: [VRFC 10-163] Analyzing VHDL file "/home/mdescham/Documents/BE_Controleur_Ethernet/Ethernet10/Ethernet10.srcs/sources_1/new/Controleur_Ethernet.vhd" into library xil_defaultlib
INFO: [VRFC 10-307] analyzing entity Emetteur
INFO: [VRFC 10-163] Analyzing VHDL file "/home/mdescham/Documents/BE_Controleur_Ethernet/Ethernet10/Ethernet10.srcs/sim_1/new/Test_Emetteur.vhd" into library xil_defaultlib
INFO: [VRFC 10-307] analyzing entity TestEmetteur
INFO: [VRFC 10-163] Analyzing VHDL file "/home/mdescham/Documents/BE_Controleur_Ethernet/Ethernet10/Ethernet10.srcs/sources_1/new/Controleur_Ethernet.vhd" into library xil_defaultlib
INFO: [VRFC 10-307] analyzing entity Emetteur
INFO: [VRFC 10-163] Analyzing VHDL file "/home/mdescham/Documents/BE_Controleur_Ethernet/Ethernet10/Ethernet10.srcs/sources_1/new/Controleur_Ethernet.vhd" into library xil_defaultlib
INFO: [VRFC 10-307] analyzing entity Emetteur
INFO: [VRFC 10-163] Analyzing VHDL file "/home/mdescham/Documents/BE_Controleur_Ethernet/Ethernet10/Ethernet10.srcs/sources_1/new/Controleur_Ethernet.vhd" into library xil_defaultlib
INFO: [VRFC 10-307] analyzing entity Emetteur
INFO: [VRFC 10-163] Analyzing VHDL file "/home/mdescham/Documents/BE_Controleur_Ethernet/Ethernet10/Ethernet10.srcs/sources_1/new/Controleur_Ethernet.vhd" into library xil_defaultlib
INFO: [VRFC 10-307] analyzing entity Emetteur
INFO: [VRFC 10-163] Analyzing VHDL file "/home/mdescham/Documents/BE_Controleur_Ethernet/Ethernet10/Ethernet10.srcs/sources_1/new/Controleur_Ethernet.vhd" into library xil_defaultlib
INFO: [VRFC 10-307] analyzing entity Emetteur
INFO: [VRFC 10-163] Analyzing VHDL file "/home/mdescham/Documents/BE_Controleur_Ethernet/Ethernet10/Ethernet10.srcs/sources_1/new/Controleur_Ethernet.vhd" into library xil_defaultlib
INFO: [VRFC 10-307] analyzing entity Emetteur
INFO: [VRFC 10-163] Analyzing VHDL file "/home/mdescham/Documents/BE_Controleur_Ethernet/Ethernet10/Ethernet10.srcs/sim_1/new/Test_Emetteur.vhd" into library xil_defaultlib
INFO: [VRFC 10-307] analyzing entity TestEmetteur
INFO: [VRFC 10-163] Analyzing VHDL file "/home/mdescham/Documents/BE_Controleur_Ethernet/Ethernet10/Ethernet10.srcs/sources_1/new/Controleur_Ethernet.vhd" into library xil_defaultlib
INFO: [VRFC 10-307] analyzing entity Emetteur
INFO: [VRFC 10-163] Analyzing VHDL file "/home/mdescham/Documents/BE_Controleur_Ethernet/Ethernet10/Ethernet10.srcs/sources_1/new/Controleur_Ethernet.vhd" into library xil_defaultlib
INFO: [VRFC 10-307] analyzing entity Emetteur
INFO: [VRFC 10-163] Analyzing VHDL file "/home/mdescham/Documents/BE_Controleur_Ethernet/Ethernet10/Ethernet10.srcs/sources_1/new/Controleur_Ethernet.vhd" into library xil_defaultlib
INFO: [VRFC 10-307] analyzing entity Emetteur
INFO: [VRFC 10-163] Analyzing VHDL file "/home/mdescham/Documents/BE_Controleur_Ethernet/Ethernet10/Ethernet10.srcs/sim_1/new/Test_Emetteur.vhd" into library xil_defaultlib
INFO: [VRFC 10-307] analyzing entity TestEmetteur
INFO: [VRFC 10-163] Analyzing VHDL file "/home/mdescham/Documents/BE_Controleur_Ethernet/Ethernet10/Ethernet10.srcs/sim_1/new/Test_Emetteur.vhd" into library xil_defaultlib
INFO: [VRFC 10-307] analyzing entity TestEmetteur
INFO: [VRFC 10-163] Analyzing VHDL file "/home/mdescham/Documents/BE_Controleur_Ethernet/Ethernet10/Ethernet10.srcs/sim_1/new/Test_Emetteur.vhd" into library xil_defaultlib
INFO: [VRFC 10-307] analyzing entity TestEmetteur
INFO: [VRFC 10-163] Analyzing VHDL file "/home/mdescham/Documents/BE_Controleur_Ethernet/Ethernet10/Ethernet10.srcs/sim_1/new/Test_Emetteur.vhd" into library xil_defaultlib
INFO: [VRFC 10-307] analyzing entity TestEmetteur
INFO: [VRFC 10-163] Analyzing VHDL file "/home/mdescham/Documents/BE_Controleur_Ethernet/Ethernet10/Ethernet10.srcs/sources_1/new/Controleur_Ethernet.vhd" into library xil_defaultlib
INFO: [VRFC 10-307] analyzing entity Emetteur
INFO: [VRFC 10-163] Analyzing VHDL file "/home/mdescham/Documents/BE_Controleur_Ethernet/Ethernet10/Ethernet10.srcs/sim_1/new/Test_Emetteur.vhd" into library xil_defaultlib
INFO: [VRFC 10-307] analyzing entity TestEmetteur
INFO: [VRFC 10-163] Analyzing VHDL file "/home/mdescham/Documents/BE_Controleur_Ethernet/Ethernet10/Ethernet10.srcs/sources_1/new/Controleur_Ethernet.vhd" into library xil_defaultlib
INFO: [VRFC 10-307] analyzing entity Emetteur
INFO: [VRFC 10-163] Analyzing VHDL file "/home/mdescham/Documents/BE_Controleur_Ethernet/Ethernet10/Ethernet10.srcs/sim_1/new/Test_Emetteur.vhd" into library xil_defaultlib
INFO: [VRFC 10-307] analyzing entity TestEmetteur
INFO: [VRFC 10-163] Analyzing VHDL file "/home/mdescham/Documents/BE_Controleur_Ethernet/Ethernet10/Ethernet10.srcs/sources_1/new/Recepteur.vhd" into library xil_defaultlib
INFO: [VRFC 10-307] analyzing entity Recepteur
INFO: [VRFC 10-163] Analyzing VHDL file "/home/mdescham/Documents/BE_Controleur_Ethernet/Ethernet10/Ethernet10.srcs/sim_1/new/TestRecepteur.vhd" into library xil_defaultlib
INFO: [VRFC 10-307] analyzing entity TestRecepteur
INFO: [VRFC 10-163] Analyzing VHDL file "/home/mdescham/Documents/BE_Controleur_Ethernet/Ethernet10/Ethernet10.srcs/sim_1/new/TestRecepteur.vhd" into library xil_defaultlib
INFO: [VRFC 10-307] analyzing entity TestRecepteur
INFO: [VRFC 10-163] Analyzing VHDL file "/home/mdescham/Documents/BE_Controleur_Ethernet/Ethernet10/Ethernet10.srcs/sources_1/new/Recepteur.vhd" into library xil_defaultlib
INFO: [VRFC 10-307] analyzing entity Recepteur
INFO: [VRFC 10-163] Analyzing VHDL file "/home/mdescham/Documents/BE_Controleur_Ethernet/Ethernet10/Ethernet10.srcs/sources_1/new/Recepteur.vhd" into library xil_defaultlib
INFO: [VRFC 10-307] analyzing entity Recepteur
INFO: [VRFC 10-163] Analyzing VHDL file "/home/mdescham/Documents/BE_Controleur_Ethernet/Ethernet10/Ethernet10.srcs/sources_1/new/Recepteur.vhd" into library xil_defaultlib
INFO: [VRFC 10-307] analyzing entity Recepteur
INFO: [VRFC 10-163] Analyzing VHDL file "/home/mdescham/Documents/BE_Controleur_Ethernet/Ethernet10/Ethernet10.srcs/sources_1/new/Recepteur.vhd" into library xil_defaultlib
INFO: [VRFC 10-307] analyzing entity Recepteur
INFO: [VRFC 10-163] Analyzing VHDL file "/home/mdescham/Documents/BE_Controleur_Ethernet/Ethernet10/Ethernet10.srcs/sim_1/new/TestRecepteur.vhd" into library xil_defaultlib
INFO: [VRFC 10-307] analyzing entity TestRecepteur
INFO: [VRFC 10-163] Analyzing VHDL file "/home/mdescham/Documents/BE_Controleur_Ethernet/Ethernet10/Ethernet10.srcs/sources_1/new/Recepteur.vhd" into library xil_defaultlib
INFO: [VRFC 10-307] analyzing entity Recepteur
INFO: [VRFC 10-163] Analyzing VHDL file "/home/mdescham/Bureau/BE_Controleur_Ethernet/Ethernet10/Ethernet10.srcs/sources_1/new/Recepteur.vhd" into library xil_defaultlib
INFO: [VRFC 10-307] analyzing entity Recepteur
INFO: [VRFC 10-163] Analyzing VHDL file "/home/mdescham/Bureau/BE_Controleur_Ethernet/Ethernet10/Ethernet10.srcs/sim_1/new/TestRecepteur.vhd" into library xil_defaultlib
INFO: [VRFC 10-307] analyzing entity TestRecepteur
INFO: [VRFC 10-163] Analyzing VHDL file "/home/mdescham/Bureau/BE_Controleur_Ethernet/Ethernet10/Ethernet10.srcs/sources_1/new/Recepteur.vhd" into library xil_defaultlib
INFO: [VRFC 10-307] analyzing entity Recepteur
INFO: [VRFC 10-163] Analyzing VHDL file "/home/mdescham/Bureau/BE_Controleur_Ethernet/Ethernet10/Ethernet10.srcs/sim_1/new/TestRecepteur.vhd" into library xil_defaultlib
INFO: [VRFC 10-307] analyzing entity TestRecepteur
INFO: [VRFC 10-163] Analyzing VHDL file "/home/mdescham/Bureau/BE_Controleur_Ethernet/Ethernet10/Ethernet10.srcs/sim_1/new/TestRecepteur.vhd" into library xil_defaultlib
INFO: [VRFC 10-307] analyzing entity TestRecepteur
INFO: [VRFC 10-163] Analyzing VHDL file "/home/mdescham/Bureau/BE_Controleur_Ethernet/Ethernet10/Ethernet10.srcs/sources_1/new/Recepteur.vhd" into library xil_defaultlib
INFO: [VRFC 10-307] analyzing entity Recepteur
INFO: [VRFC 10-163] Analyzing VHDL file "/home/mdescham/Bureau/BE_Controleur_Ethernet/Ethernet10/Ethernet10.srcs/sim_1/new/TestRecepteur.vhd" into library xil_defaultlib
INFO: [VRFC 10-307] analyzing entity TestRecepteur
